# JRE version: OpenJDK Runtime Environment (8.0_202-b03) (build 1.8.0_202-release-1483-b03)
# Java VM: OpenJDK 64-Bit Server VM (25.202-b03 mixed mode windows-amd64 compressed oops)
Heap:
 PSYoungGen      total 417280K, used 292318K [0x00000000e0000000, 0x0000000100000000, 0x0000000100000000)
  eden space 361984K, 66% used [0x00000000e0000000,0x00000000eeab4a10,0x00000000f6180000)
  from space 55296K, 94% used [0x00000000f6180000,0x00000000f94430f8,0x00000000f9780000)
  to   space 61952K, 0% used [0x00000000fc380000,0x00000000fc380000,0x0000000100000000)
 ParOldGen       total 212480K, used 73662K [0x00000000a0000000, 0x00000000acf80000, 0x00000000e0000000)
  object space 212480K, 34% used [0x00000000a0000000,0x00000000a47ef880,0x00000000acf80000)
 Metaspace       used 114431K, capacity 122242K, committed 122496K, reserved 1155072K
  class space    used 14615K, capacity 15947K, committed 16000K, reserved 1048576K
GC Heap History (10 events):
Event: 1488.579 GC heap before
{Heap before GC invocations=37 (full 4):
 PSYoungGen      total 342528K, used 16586K [0x00000000e0000000, 0x00000000f9f00000, 0x0000000100000000)
  eden space 288768K, 0% used [0x00000000e0000000,0x00000000e0000000,0x00000000f1a00000)
  from space 53760K, 30% used [0x00000000f1a00000,0x00000000f2a32bd0,0x00000000f4e80000)
  to   space 52224K, 0% used [0x00000000f6c00000,0x00000000f6c00000,0x00000000f9f00000)
 ParOldGen       total 134144K, used 74408K [0x00000000a0000000, 0x00000000a8300000, 0x00000000e0000000)
  object space 134144K, 55% used [0x00000000a0000000,0x00000000a48aa128,0x00000000a8300000)
 Metaspace       used 92072K, capacity 98424K, committed 98600K, reserved 1134592K
  class space    used 11898K, capacity 12926K, committed 12928K, reserved 1048576K
Event: 1493.661 GC heap after
Heap after GC invocations=37 (full 4):
 PSYoungGen      total 342528K, used 0K [0x00000000e0000000, 0x00000000f9f00000, 0x0000000100000000)
  eden space 288768K, 0% used [0x00000000e0000000,0x00000000e0000000,0x00000000f1a00000)
  from space 53760K, 0% used [0x00000000f1a00000,0x00000000f1a00000,0x00000000f4e80000)
  to   space 52224K, 0% used [0x00000000f6c00000,0x00000000f6c00000,0x00000000f9f00000)
 ParOldGen       total 212480K, used 73638K [0x00000000a0000000, 0x00000000acf80000, 0x00000000e0000000)
  object space 212480K, 34% used [0x00000000a0000000,0x00000000a47e9880,0x00000000acf80000)
 Metaspace       used 91847K, capacity 97864K, committed 98600K, reserved 1134592K
  class space    used 11835K, capacity 12820K, committed 12928K, reserved 1048576K
}
Event: 1515.081 GC heap before
{Heap before GC invocations=38 (full 4):
 PSYoungGen      total 342528K, used 288768K [0x00000000e0000000, 0x00000000f9f00000, 0x0000000100000000)
  eden space 288768K, 100% used [0x00000000e0000000,0x00000000f1a00000,0x00000000f1a00000)
  from space 53760K, 0% used [0x00000000f1a00000,0x00000000f1a00000,0x00000000f4e80000)
  to   space 52224K, 0% used [0x00000000f6c00000,0x00000000f6c00000,0x00000000f9f00000)
 ParOldGen       total 212480K, used 73638K [0x00000000a0000000, 0x00000000acf80000, 0x00000000e0000000)
  object space 212480K, 34% used [0x00000000a0000000,0x00000000a47e9880,0x00000000acf80000)
 Metaspace       used 103653K, capacity 110328K, committed 110592K, reserved 1144832K
  class space    used 13461K, capacity 14564K, committed 14592K, reserved 1048576K
Event: 1515.205 GC heap after
Heap after GC invocations=38 (full 4):
 PSYoungGen      total 371712K, used 33919K [0x00000000e0000000, 0x00000000fa200000, 0x0000000100000000)
  eden space 319488K, 0% used [0x00000000e0000000,0x00000000e0000000,0x00000000f3800000)
  from space 52224K, 64% used [0x00000000f6c00000,0x00000000f8d1ffd0,0x00000000f9f00000)
  to   space 53248K, 0% used [0x00000000f3800000,0x00000000f3800000,0x00000000f6c00000)
 ParOldGen       total 212480K, used 73646K [0x00000000a0000000, 0x00000000acf80000, 0x00000000e0000000)
  object space 212480K, 34% used [0x00000000a0000000,0x00000000a47eb880,0x00000000acf80000)
 Metaspace       used 103653K, capacity 110328K, committed 110592K, reserved 1144832K
  class space    used 13461K, capacity 14564K, committed 14592K, reserved 1048576K
}
Event: 1524.682 GC heap before
{Heap before GC invocations=39 (full 4):
 PSYoungGen      total 371712K, used 353407K [0x00000000e0000000, 0x00000000fa200000, 0x0000000100000000)
  eden space 319488K, 100% used [0x00000000e0000000,0x00000000f3800000,0x00000000f3800000)
  from space 52224K, 64% used [0x00000000f6c00000,0x00000000f8d1ffd0,0x00000000f9f00000)
  to   space 53248K, 0% used [0x00000000f3800000,0x00000000f3800000,0x00000000f6c00000)
 ParOldGen       total 212480K, used 73646K [0x00000000a0000000, 0x00000000acf80000, 0x00000000e0000000)
  object space 212480K, 34% used [0x00000000a0000000,0x00000000a47eb880,0x00000000acf80000)
 Metaspace       used 104879K, capacity 111556K, committed 111744K, reserved 1146880K
  class space    used 13558K, capacity 14668K, committed 14720K, reserved 1048576K
Event: 1524.964 GC heap after
Heap after GC invocations=39 (full 4):
 PSYoungGen      total 372736K, used 27201K [0x00000000e0000000, 0x00000000fc980000, 0x0000000100000000)
  eden space 319488K, 0% used [0x00000000e0000000,0x00000000e0000000,0x00000000f3800000)
  from space 53248K, 51% used [0x00000000f3800000,0x00000000f52906e8,0x00000000f6c00000)
  to   space 51200K, 0% used [0x00000000f9780000,0x00000000f9780000,0x00000000fc980000)
 ParOldGen       total 212480K, used 73646K [0x00000000a0000000, 0x00000000acf80000, 0x00000000e0000000)
  object space 212480K, 34% used [0x00000000a0000000,0x00000000a47eb880,0x00000000acf80000)
 Metaspace       used 104879K, capacity 111556K, committed 111744K, reserved 1146880K
  class space    used 13558K, capacity 14668K, committed 14720K, reserved 1048576K
}
Event: 1530.977 GC heap before
{Heap before GC invocations=40 (full 4):
 PSYoungGen      total 372736K, used 346689K [0x00000000e0000000, 0x00000000fc980000, 0x0000000100000000)
  eden space 319488K, 100% used [0x00000000e0000000,0x00000000f3800000,0x00000000f3800000)
  from space 53248K, 51% used [0x00000000f3800000,0x00000000f52906e8,0x00000000f6c00000)
  to   space 51200K, 0% used [0x00000000f9780000,0x00000000f9780000,0x00000000fc980000)
 ParOldGen       total 212480K, used 73646K [0x00000000a0000000, 0x00000000acf80000, 0x00000000e0000000)
  object space 212480K, 34% used [0x00000000a0000000,0x00000000a47eb880,0x00000000acf80000)
 Metaspace       used 108121K, capacity 115130K, committed 115456K, reserved 1148928K
  class space    used 14032K, capacity 15211K, committed 15360K, reserved 1048576K
Event: 1531.055 GC heap after
Heap after GC invocations=40 (full 4):
 PSYoungGen      total 413184K, used 43306K [0x00000000e0000000, 0x00000000fd180000, 0x0000000100000000)
  eden space 361984K, 0% used [0x00000000e0000000,0x00000000e0000000,0x00000000f6180000)
  from space 51200K, 84% used [0x00000000f9780000,0x00000000fc1cab58,0x00000000fc980000)
  to   space 55296K, 0% used [0x00000000f6180000,0x00000000f6180000,0x00000000f9780000)
 ParOldGen       total 212480K, used 73654K [0x00000000a0000000, 0x00000000acf80000, 0x00000000e0000000)
  object space 212480K, 34% used [0x00000000a0000000,0x00000000a47ed880,0x00000000acf80000)
 Metaspace       used 108121K, capacity 115130K, committed 115456K, reserved 1148928K
  class space    used 14032K, capacity 15211K, committed 15360K, reserved 1048576K
}
Event: 2214.202 GC heap before
{Heap before GC invocations=41 (full 4):
 PSYoungGen      total 413184K, used 405290K [0x00000000e0000000, 0x00000000fd180000, 0x0000000100000000)
  eden space 361984K, 100% used [0x00000000e0000000,0x00000000f6180000,0x00000000f6180000)
  from space 51200K, 84% used [0x00000000f9780000,0x00000000fc1cab58,0x00000000fc980000)
  to   space 55296K, 0% used [0x00000000f6180000,0x00000000f6180000,0x00000000f9780000)
 ParOldGen       total 212480K, used 73654K [0x00000000a0000000, 0x00000000acf80000, 0x00000000e0000000)
  object space 212480K, 34% used [0x00000000a0000000,0x00000000a47ed880,0x00000000acf80000)
 Metaspace       used 113365K, capacity 120978K, committed 121088K, reserved 1155072K
  class space    used 14518K, capacity 15773K, committed 15872K, reserved 1048576K
Event: 2215.029 GC heap after
Heap after GC invocations=41 (full 4):
 PSYoungGen      total 417280K, used 51980K [0x00000000e0000000, 0x0000000100000000, 0x0000000100000000)
  eden space 361984K, 0% used [0x00000000e0000000,0x00000000e0000000,0x00000000f6180000)
  from space 55296K, 94% used [0x00000000f6180000,0x00000000f94430f8,0x00000000f9780000)
  to   space 61952K, 0% used [0x00000000fc380000,0x00000000fc380000,0x0000000100000000)
 ParOldGen       total 212480K, used 73662K [0x00000000a0000000, 0x00000000acf80000, 0x00000000e0000000)
  object space 212480K, 34% used [0x00000000a0000000,0x00000000a47ef880,0x00000000acf80000)
 Metaspace       used 113365K, capacity 120978K, committed 121088K, reserved 1155072K
  class space    used 14518K, capacity 15773K, committed 15872K, reserved 1048576K
}

