# JRE version: OpenJDK Runtime Environment (8.0_202-b03) (build 1.8.0_202-release-1483-b03)
# Java VM: OpenJDK 64-Bit Server VM (25.202-b03 mixed mode windows-amd64 compressed oops)
Heap:
 PSYoungGen      total 89088K, used 71600K [0x00000000e0000000, 0x00000000e7000000, 0x0000000100000000)
  eden space 79360K, 83% used [0x00000000e0000000,0x00000000e4118f20,0x00000000e4d80000)
  from space 9728K, 50% used [0x00000000e4d80000,0x00000000e52533f0,0x00000000e5700000)
  to   space 9216K, 0% used [0x00000000e6700000,0x00000000e6700000,0x00000000e7000000)
 ParOldGen       total 73216K, used 57613K [0x00000000a0000000, 0x00000000a4780000, 0x00000000e0000000)
  object space 73216K, 78% used [0x00000000a0000000,0x00000000a3843478,0x00000000a4780000)
 Metaspace       used 73284K, capacity 76240K, committed 76376K, reserved 1116160K
  class space    used 9730K, capacity 10316K, committed 10328K, reserved 1048576K
GC Heap History (10 events):
Event: 125.036 GC heap before
{Heap before GC invocations=30 (full 3):
 PSYoungGen      total 62976K, used 56864K [0x00000000e0000000, 0x00000000e4780000, 0x0000000100000000)
  eden space 52224K, 100% used [0x00000000e0000000,0x00000000e3300000,0x00000000e3300000)
  from space 10752K, 43% used [0x00000000e3d00000,0x00000000e4188000,0x00000000e4780000)
  to   space 10240K, 0% used [0x00000000e3300000,0x00000000e3300000,0x00000000e3d00000)
 ParOldGen       total 73216K, used 35823K [0x00000000a0000000, 0x00000000a4780000, 0x00000000e0000000)
  object space 73216K, 48% used [0x00000000a0000000,0x00000000a22fbe90,0x00000000a4780000)
 Metaspace       used 60551K, capacity 62410K, committed 62424K, reserved 1103872K
  class space    used 8222K, capacity 8653K, committed 8664K, reserved 1048576K
Event: 125.073 GC heap after
Heap after GC invocations=30 (full 3):
 PSYoungGen      total 62464K, used 6240K [0x00000000e0000000, 0x00000000e5400000, 0x0000000100000000)
  eden space 52224K, 0% used [0x00000000e0000000,0x00000000e0000000,0x00000000e3300000)
  from space 10240K, 60% used [0x00000000e3300000,0x00000000e3918010,0x00000000e3d00000)
  to   space 10240K, 0% used [0x00000000e4a00000,0x00000000e4a00000,0x00000000e5400000)
 ParOldGen       total 73216K, used 40431K [0x00000000a0000000, 0x00000000a4780000, 0x00000000e0000000)
  object space 73216K, 55% used [0x00000000a0000000,0x00000000a277bee0,0x00000000a4780000)
 Metaspace       used 60551K, capacity 62410K, committed 62424K, reserved 1103872K
  class space    used 8222K, capacity 8653K, committed 8664K, reserved 1048576K
}
Event: 127.821 GC heap before
{Heap before GC invocations=31 (full 3):
 PSYoungGen      total 62464K, used 58464K [0x00000000e0000000, 0x00000000e5400000, 0x0000000100000000)
  eden space 52224K, 100% used [0x00000000e0000000,0x00000000e3300000,0x00000000e3300000)
  from space 10240K, 60% used [0x00000000e3300000,0x00000000e3918010,0x00000000e3d00000)
  to   space 10240K, 0% used [0x00000000e4a00000,0x00000000e4a00000,0x00000000e5400000)
 ParOldGen       total 73216K, used 40431K [0x00000000a0000000, 0x00000000a4780000, 0x00000000e0000000)
  object space 73216K, 55% used [0x00000000a0000000,0x00000000a277bee0,0x00000000a4780000)
 Metaspace       used 61540K, capacity 63576K, committed 63704K, reserved 1103872K
  class space    used 8389K, capacity 8869K, committed 8920K, reserved 1048576K
Event: 127.846 GC heap after
Heap after GC invocations=31 (full 3):
 PSYoungGen      total 73728K, used 4212K [0x00000000e0000000, 0x00000000e5280000, 0x0000000100000000)
  eden space 65024K, 0% used [0x00000000e0000000,0x00000000e0000000,0x00000000e3f80000)
  from space 8704K, 48% used [0x00000000e4a00000,0x00000000e4e1d338,0x00000000e5280000)
  to   space 9728K, 0% used [0x00000000e3f80000,0x00000000e3f80000,0x00000000e4900000)
 ParOldGen       total 73216K, used 46639K [0x00000000a0000000, 0x00000000a4780000, 0x00000000e0000000)
  object space 73216K, 63% used [0x00000000a0000000,0x00000000a2d8bf50,0x00000000a4780000)
 Metaspace       used 61540K, capacity 63576K, committed 63704K, reserved 1103872K
  class space    used 8389K, capacity 8869K, committed 8920K, reserved 1048576K
}
Event: 133.125 GC heap before
{Heap before GC invocations=32 (full 3):
 PSYoungGen      total 73728K, used 69236K [0x00000000e0000000, 0x00000000e5280000, 0x0000000100000000)
  eden space 65024K, 100% used [0x00000000e0000000,0x00000000e3f80000,0x00000000e3f80000)
  from space 8704K, 48% used [0x00000000e4a00000,0x00000000e4e1d338,0x00000000e5280000)
  to   space 9728K, 0% used [0x00000000e3f80000,0x00000000e3f80000,0x00000000e4900000)
 ParOldGen       total 73216K, used 46639K [0x00000000a0000000, 0x00000000a4780000, 0x00000000e0000000)
  object space 73216K, 63% used [0x00000000a0000000,0x00000000a2d8bf50,0x00000000a4780000)
 Metaspace       used 63134K, capacity 65252K, committed 65496K, reserved 1105920K
  class space    used 8558K, capacity 9069K, committed 9176K, reserved 1048576K
Event: 133.139 GC heap after
Heap after GC invocations=32 (full 3):
 PSYoungGen      total 74752K, used 4965K [0x00000000e0000000, 0x00000000e6100000, 0x0000000100000000)
  eden space 65024K, 0% used [0x00000000e0000000,0x00000000e0000000,0x00000000e3f80000)
  from space 9728K, 51% used [0x00000000e3f80000,0x00000000e4459788,0x00000000e4900000)
  to   space 9728K, 0% used [0x00000000e5780000,0x00000000e5780000,0x00000000e6100000)
 ParOldGen       total 73216K, used 50296K [0x00000000a0000000, 0x00000000a4780000, 0x00000000e0000000)
  object space 73216K, 68% used [0x00000000a0000000,0x00000000a311e020,0x00000000a4780000)
 Metaspace       used 63134K, capacity 65252K, committed 65496K, reserved 1105920K
  class space    used 8558K, capacity 9069K, committed 9176K, reserved 1048576K
}
Event: 135.170 GC heap before
{Heap before GC invocations=33 (full 3):
 PSYoungGen      total 74752K, used 69989K [0x00000000e0000000, 0x00000000e6100000, 0x0000000100000000)
  eden space 65024K, 100% used [0x00000000e0000000,0x00000000e3f80000,0x00000000e3f80000)
  from space 9728K, 51% used [0x00000000e3f80000,0x00000000e4459788,0x00000000e4900000)
  to   space 9728K, 0% used [0x00000000e5780000,0x00000000e5780000,0x00000000e6100000)
 ParOldGen       total 73216K, used 50296K [0x00000000a0000000, 0x00000000a4780000, 0x00000000e0000000)
  object space 73216K, 68% used [0x00000000a0000000,0x00000000a311e020,0x00000000a4780000)
 Metaspace       used 66909K, capacity 69178K, committed 69336K, reserved 1110016K
  class space    used 9114K, capacity 9632K, committed 9688K, reserved 1048576K
Event: 135.186 GC heap after
Heap after GC invocations=33 (full 3):
 PSYoungGen      total 88576K, used 6859K [0x00000000e0000000, 0x00000000e6080000, 0x0000000100000000)
  eden space 79360K, 0% used [0x00000000e0000000,0x00000000e0000000,0x00000000e4d80000)
  from space 9216K, 74% used [0x00000000e5780000,0x00000000e5e32e60,0x00000000e6080000)
  to   space 9728K, 0% used [0x00000000e4d80000,0x00000000e4d80000,0x00000000e5700000)
 ParOldGen       total 73216K, used 54380K [0x00000000a0000000, 0x00000000a4780000, 0x00000000e0000000)
  object space 73216K, 74% used [0x00000000a0000000,0x00000000a351b0b0,0x00000000a4780000)
 Metaspace       used 66909K, capacity 69178K, committed 69336K, reserved 1110016K
  class space    used 9114K, capacity 9632K, committed 9688K, reserved 1048576K
}
Event: 138.330 GC heap before
{Heap before GC invocations=34 (full 3):
 PSYoungGen      total 88576K, used 86219K [0x00000000e0000000, 0x00000000e6080000, 0x0000000100000000)
  eden space 79360K, 100% used [0x00000000e0000000,0x00000000e4d80000,0x00000000e4d80000)
  from space 9216K, 74% used [0x00000000e5780000,0x00000000e5e32e60,0x00000000e6080000)
  to   space 9728K, 0% used [0x00000000e4d80000,0x00000000e4d80000,0x00000000e5700000)
 ParOldGen       total 73216K, used 54380K [0x00000000a0000000, 0x00000000a4780000, 0x00000000e0000000)
  object space 73216K, 74% used [0x00000000a0000000,0x00000000a351b0b0,0x00000000a4780000)
 Metaspace       used 69165K, capacity 71772K, committed 71896K, reserved 1112064K
  class space    used 9388K, capacity 9926K, committed 9944K, reserved 1048576K
Event: 138.365 GC heap after
Heap after GC invocations=34 (full 3):
 PSYoungGen      total 89088K, used 4940K [0x00000000e0000000, 0x00000000e7000000, 0x0000000100000000)
  eden space 79360K, 0% used [0x00000000e0000000,0x00000000e0000000,0x00000000e4d80000)
  from space 9728K, 50% used [0x00000000e4d80000,0x00000000e52533f0,0x00000000e5700000)
  to   space 9216K, 0% used [0x00000000e6700000,0x00000000e6700000,0x00000000e7000000)
 ParOldGen       total 73216K, used 57613K [0x00000000a0000000, 0x00000000a4780000, 0x00000000e0000000)
  object space 73216K, 78% used [0x00000000a0000000,0x00000000a3843478,0x00000000a4780000)
 Metaspace       used 69165K, capacity 71772K, committed 71896K, reserved 1112064K
  class space    used 9388K, capacity 9926K, committed 9944K, reserved 1048576K
}

